Mar 12 22:54:39 [info] CREATE TABLE `schema_migrations` (
`version` varchar(255)
) ;
Mar 12 22:54:39 [info] CREATE UNIQUE INDEX idx_schema_migrations_version ON `schema_migrations`(version)
Mar 12 22:54:39 [info] SELECT version FROM schema_migrations
Mar 12 22:54:40 [info] SELECT version FROM schema_migrations
Mar 12 22:54:40 [info] SELECT version FROM schema_migrations
Mar 12 22:54:40 [info] CREATE TABLE `projects` (
`id` int(11) UNSIGNED auto_increment PRIMARY KEY,
`title` varchar(255),
`location` varchar(255),
`start_date` date,
`completion_date` date,
`description` text,
`created_at` datetime,
`updated_at` datetime
) ;
Mar 12 22:54:40 [info] INSERT INTO schema_migrations (version) VALUES ('20120312194828')
Mar 12 22:54:40 [info] CREATE TABLE `users` (
`id` int(11) UNSIGNED auto_increment PRIMARY KEY,
`username` varchar(255),
`password` varchar(255),
`first_name` varchar(255),
`last_name` varchar(255),
`email` varchar(255),
`auth` text,
`created_at` datetime,
`updated_at` datetime
) ;
Mar 12 22:54:40 [info] INSERT INTO schema_migrations (version) VALUES ('20120312194829')
Mar 12 22:54:40 [info] INSERT INTO `users` (
	    `username`,
	    `password`,
	    `first_name`,
	    `last_name`,
	    `auth`,
	    `created_at`,
	    `updated_at`
	    ) VALUES (
	    'admin',
      MD5('psswd123'),
      'Admin',
      'User',
      'admin',
      NOW(),
      NOW()
	  )
Mar 12 22:54:40 [info] INSERT INTO schema_migrations (version) VALUES ('20120312194830')
Mar 12 22:54:40 [info] CREATE TABLE `auth_codes` (
`id` int(11) UNSIGNED auto_increment PRIMARY KEY,
`code` varchar(255),
`name` varchar(255),
`created_at` datetime,
`updated_at` datetime
) ;
Mar 12 22:54:40 [info] INSERT INTO schema_migrations (version) VALUES ('20120312194831')
Mar 12 22:54:40 [info] CREATE TABLE `roles` (
`id` int(11) UNSIGNED auto_increment PRIMARY KEY,
`name` varchar(255),
`auth` varchar(255),
`created_at` datetime,
`updated_at` datetime
) ;
Mar 12 22:54:40 [info] INSERT INTO schema_migrations (version) VALUES ('20120312194832')
Mar 12 22:54:40 [info] CREATE TABLE `cms_blocks` (
`id` int(11) UNSIGNED auto_increment PRIMARY KEY,
`category_id` int(11),
`name` varchar(255),
`title` varchar(255),
`location` varchar(255),
`description` varchar(255),
`body` text,
`created_at` datetime,
`updated_at` datetime
) ;
Mar 12 22:54:40 [info] INSERT INTO schema_migrations (version) VALUES ('20120312194833')
Mar 12 22:54:40 [info] CREATE TABLE `cms_categories` (
`id` int(11) UNSIGNED auto_increment PRIMARY KEY,
`parent` int(11),
`name` varchar(255),
`created_at` datetime,
`updated_at` datetime
) ;
Mar 12 22:54:40 [info] INSERT INTO schema_migrations (version) VALUES ('20120312194834')
Mar 12 22:54:40 [info] CREATE TABLE `cms_files` (
`id` int(11) UNSIGNED auto_increment PRIMARY KEY,
`name` varchar(255),
`path` varchar(255),
`created_at` datetime,
`updated_at` datetime
) ;
Mar 12 22:54:40 [info] INSERT INTO schema_migrations (version) VALUES ('20120312194835')
Mar 12 22:54:40 [info] INSERT INTO `users` (
	    `username`,
	    `password`,
	    `first_name`,
	    `last_name`,
	    `auth`,
	    `created_at`,
	    `updated_at`
	    ) VALUES (
	    'su',
      MD5('psswd123'),
      'Super',
      'User',
      'su',
      NOW(),
      NOW()
	  )
Mar 12 22:54:40 [info] INSERT INTO schema_migrations (version) VALUES ('20120312194836')
